<?xml version="1.0" encoding="UTF-8"?>
<testng-results skipped="0" failed="0" ignored="0" total="1" passed="1">
  <reporter-output>
    <line>
      <![CDATA[Browser Opened]]>
    </line>
    <line>
      <![CDATA[URL Entered]]>
    </line>
  </reporter-output>
  <suite name="Default suite" duration-ms="3123" started-at="2023-06-26T16:52:22 IST" finished-at="2023-06-26T16:52:25 IST">
    <groups>
    </groups>
    <test name="Default test" duration-ms="3123" started-at="2023-06-26T16:52:22 IST" finished-at="2023-06-26T16:52:25 IST">
      <class name="com.qa.test.LoginWithExcelData">
        <test-method status="PASS" signature="setUp()[pri:0, instance:com.qa.test.LoginWithExcelData@351d0846]" name="setUp" is-config="true" duration-ms="2486" started-at="2023-06-26T16:52:22 IST" finished-at="2023-06-26T16:52:25 IST">
          <reporter-output>
            <line>
              <![CDATA[Browser Opened]]>
            </line>
            <line>
              <![CDATA[URL Entered]]>
            </line>
          </reporter-output>
        </test-method> <!-- setUp -->
        <test-method status="PASS" signature="staffLoginCredential(java.lang.String,java.lang.String)[pri:0, instance:com.qa.test.LoginWithExcelData@351d0846]" name="staffLoginCredential" duration-ms="231" started-at="2023-06-26T16:52:25 IST" data-provider="getData" finished-at="2023-06-26T16:52:25 IST">
          <params>
            <param index="0">
              <value>
                <![CDATA[Testing]]>
              </value>
            </param>
            <param index="1">
              <value>
                <![CDATA[giis123]]>
              </value>
            </param>
          </params>
          <reporter-output>
          </reporter-output>
        </test-method> <!-- staffLoginCredential -->
      </class> <!-- com.qa.test.LoginWithExcelData -->
    </test> <!-- Default test -->
  </suite> <!-- Default suite -->
</testng-results>
